Building ...
Copying jar:file:/home/george/.m2/repository/org/clojure/clojurescript/1.7.228/clojurescript-1.7.228.jar!/cljs/nodejs.cljs to out/cljs/nodejs.cljs
Copying jar:file:/home/george/.m2/repository/org/clojure/clojurescript/1.7.228/clojurescript-1.7.228.jar!/cljs/nodejscli.cljs to out/cljs/nodejscli.cljs
... done. Elapsed 0.030281428 seconds
Watching paths: /home/george/Dropbox/drop-dot/src
Change detected, recompiling ...
Compiling src/drop_dot/core.cljs
WARNING: c-test at line 28 is being replaced at line 29 src/drop_dot/core.cljs
clojure.lang.ExceptionInfo: failed compiling file:src/drop_dot/core.cljs {:file #object[java.io.File 0x1f212619 "src/drop_dot/core.cljs"]}
	at clojure.core$ex_info.invokeStatic(core.clj:4617)
	at clojure.core$ex_info.invoke(core.clj:4617)
	at cljs.compiler$compile_file$fn__4414.invoke(compiler.cljc:1369)
	at cljs.compiler$compile_file.invokeStatic(compiler.cljc:1336)
	at cljs.compiler$compile_file.invoke(compiler.cljc:1316)
	at cljs.closure$compile_file.invokeStatic(closure.clj:437)
	at cljs.closure$compile_file.invoke(closure.clj:428)
	at cljs.closure$eval6182$fn__6183.invoke(closure.clj:504)
	at cljs.closure$eval6118$fn__6119$G__6107__6126.invoke(closure.clj:394)
	at cljs.closure$compile_sources$iter__6302__6306$fn__6307.invoke(closure.clj:827)
	at clojure.lang.LazySeq.sval(LazySeq.java:40)
	at clojure.lang.LazySeq.seq(LazySeq.java:49)
	at clojure.lang.Cons.next(Cons.java:39)
	at clojure.lang.RT.next(RT.java:688)
	at clojure.core$next__4341.invokeStatic(core.clj:64)
	at clojure.core$dorun.invokeStatic(core.clj:3033)
	at clojure.core$doall.invokeStatic(core.clj:3039)
	at clojure.core$doall.invoke(core.clj:3039)
	at cljs.closure$compile_sources.invokeStatic(closure.clj:823)
	at cljs.closure$compile_sources.invoke(closure.clj:812)
	at cljs.closure$build.invokeStatic(closure.clj:1895)
	at cljs.closure$build.invoke(closure.clj:1837)
	at cljs.closure$watch$buildf__6700.invoke(closure.clj:1977)
	at cljs.closure$watch.invokeStatic(closure.clj:2026)
	at cljs.closure$watch.invoke(closure.clj:1954)
	at cljs.repl$repl_STAR_$fn__7227$fn__7232.invoke(repl.cljc:887)
	at clojure.core$binding_conveyor_fn$fn__4676.invoke(core.clj:1938)
	at clojure.lang.AFn.run(AFn.java:22)
	at java.lang.Thread.run(Thread.java:745)
Caused by: clojure.lang.ExceptionInfo: Parameter declaration missing at line 34 src/drop_dot/core.cljs {:file "src/drop_dot/core.cljs", :line 34, :column 1, :tag :cljs/analysis-error}
	at clojure.core$ex_info.invokeStatic(core.clj:4617)
	at clojure.core$ex_info.invoke(core.clj:4617)
	at cljs.analyzer$error.invokeStatic(analyzer.cljc:576)
	at cljs.analyzer$error.invoke(analyzer.cljc:572)
	at cljs.analyzer$macroexpand_1.invokeStatic(analyzer.cljc:2404)
	at cljs.analyzer$macroexpand_1.invoke(analyzer.cljc:2400)
	at cljs.analyzer$analyze_seq.invokeStatic(analyzer.cljc:2434)
	at cljs.analyzer$analyze_seq.invoke(analyzer.cljc:2417)
	at cljs.analyzer$analyze_form.invokeStatic(analyzer.cljc:2549)
	at cljs.analyzer$analyze_form.invoke(analyzer.cljc:2545)
	at cljs.analyzer$analyze_STAR_.invokeStatic(analyzer.cljc:2596)
	at cljs.analyzer$analyze_STAR_.invoke(analyzer.cljc:2587)
	at cljs.analyzer$analyze.invokeStatic(analyzer.cljc:2612)
	at cljs.analyzer$analyze.invoke(analyzer.cljc:2599)
	at cljs.compiler$emit_source.invokeStatic(compiler.cljc:1237)
	at cljs.compiler$emit_source.invoke(compiler.cljc:1217)
	at cljs.compiler$compile_file_STAR_$fn__4391.invoke(compiler.cljc:1288)
	at cljs.compiler$with_core_cljs.invokeStatic(compiler.cljc:1152)
	at cljs.compiler$with_core_cljs.invoke(compiler.cljc:1143)
	at cljs.compiler$compile_file_STAR_.invokeStatic(compiler.cljc:1277)
	at cljs.compiler$compile_file_STAR_.invoke(compiler.cljc:1273)
	at cljs.compiler$compile_file$fn__4414.invoke(compiler.cljc:1357)
	... 26 more
Caused by: java.lang.IllegalArgumentException: Parameter declaration missing
	at cljs.core$assert_valid_fdecl.invokeStatic(core.cljc:538)
	at cljs.core$assert_valid_fdecl.invoke(core.cljc:535)
	at cljs.core$sigs.invokeStatic(core.cljc:578)
	at cljs.core$sigs.invoke(core.cljc:577)
	at cljs.core$defn__9193.invokeStatic(core.cljc:2842)
	at cljs.core$defn__9193.doInvoke(core.cljc:2814)
	at clojure.lang.RestFn.invoke(RestFn.java:445)
	at clojure.lang.AFn.applyToHelper(AFn.java:160)
	at clojure.lang.RestFn.applyTo(RestFn.java:132)
	at clojure.core$apply.invokeStatic(core.clj:650)
	at clojure.core$apply.invoke(core.clj:641)
	at cljs.analyzer$macroexpand_1_STAR_$fn__3245.invoke(analyzer.cljc:2357)
	at cljs.analyzer$macroexpand_1_STAR_.invokeStatic(analyzer.cljc:2356)
	at cljs.analyzer$macroexpand_1_STAR_.invoke(analyzer.cljc:2347)
	... 44 more

Change detected, recompiling ...
Copying jar:file:/home/george/.m2/repository/org/clojure/clojurescript/1.7.228/clojurescript-1.7.228.jar!/cljs/nodejs.cljs to out/cljs/nodejs.cljs
Copying jar:file:/home/george/.m2/repository/org/clojure/clojurescript/1.7.228/clojurescript-1.7.228.jar!/cljs/nodejscli.cljs to out/cljs/nodejscli.cljs
Copying file:/home/george/Dropbox/drop-dot/src/drop_dot/core.cljs to out/drop_dot/core.cljs
... done. Elapsed 0.048534086 seconds
Change detected, recompiling ...
Compiling src/drop_dot/core.cljs
WARNING: c-test at line 29 is being replaced at line 30 src/drop_dot/core.cljs
clojure.lang.ExceptionInfo: failed compiling file:src/drop_dot/core.cljs {:file #object[java.io.File 0x704b5b6c "src/drop_dot/core.cljs"]}
	at clojure.core$ex_info.invokeStatic(core.clj:4617)
	at clojure.core$ex_info.invoke(core.clj:4617)
	at cljs.compiler$compile_file$fn__4414.invoke(compiler.cljc:1369)
	at cljs.compiler$compile_file.invokeStatic(compiler.cljc:1336)
	at cljs.compiler$compile_file.invoke(compiler.cljc:1316)
	at cljs.closure$compile_file.invokeStatic(closure.clj:437)
	at cljs.closure$compile_file.invoke(closure.clj:428)
	at cljs.closure$eval6182$fn__6183.invoke(closure.clj:504)
	at cljs.closure$eval6118$fn__6119$G__6107__6126.invoke(closure.clj:394)
	at cljs.closure$compile_sources$iter__6302__6306$fn__6307.invoke(closure.clj:827)
	at clojure.lang.LazySeq.sval(LazySeq.java:40)
	at clojure.lang.LazySeq.seq(LazySeq.java:49)
	at clojure.lang.Cons.next(Cons.java:39)
	at clojure.lang.RT.next(RT.java:688)
	at clojure.core$next__4341.invokeStatic(core.clj:64)
	at clojure.core$dorun.invokeStatic(core.clj:3033)
	at clojure.core$doall.invokeStatic(core.clj:3039)
	at clojure.core$doall.invoke(core.clj:3039)
	at cljs.closure$compile_sources.invokeStatic(closure.clj:823)
	at cljs.closure$compile_sources.invoke(closure.clj:812)
	at cljs.closure$build.invokeStatic(closure.clj:1895)
	at cljs.closure$build.invoke(closure.clj:1837)
	at cljs.closure$watch$buildf__6700.invoke(closure.clj:1977)
	at cljs.closure$watch.invokeStatic(closure.clj:2026)
	at cljs.closure$watch.invoke(closure.clj:1954)
	at cljs.repl$repl_STAR_$fn__7227$fn__7232.invoke(repl.cljc:887)
	at clojure.core$binding_conveyor_fn$fn__4676.invoke(core.clj:1938)
	at clojure.lang.AFn.run(AFn.java:22)
	at java.lang.Thread.run(Thread.java:745)
Caused by: clojure.lang.ExceptionInfo: Parameter declaration missing at line 35 src/drop_dot/core.cljs {:file "src/drop_dot/core.cljs", :line 35, :column 1, :tag :cljs/analysis-error}
	at clojure.core$ex_info.invokeStatic(core.clj:4617)
	at clojure.core$ex_info.invoke(core.clj:4617)
	at cljs.analyzer$error.invokeStatic(analyzer.cljc:576)
	at cljs.analyzer$error.invoke(analyzer.cljc:572)
	at cljs.analyzer$macroexpand_1.invokeStatic(analyzer.cljc:2404)
	at cljs.analyzer$macroexpand_1.invoke(analyzer.cljc:2400)
	at cljs.analyzer$analyze_seq.invokeStatic(analyzer.cljc:2434)
	at cljs.analyzer$analyze_seq.invoke(analyzer.cljc:2417)
	at cljs.analyzer$analyze_form.invokeStatic(analyzer.cljc:2549)
	at cljs.analyzer$analyze_form.invoke(analyzer.cljc:2545)
	at cljs.analyzer$analyze_STAR_.invokeStatic(analyzer.cljc:2596)
	at cljs.analyzer$analyze_STAR_.invoke(analyzer.cljc:2587)
	at cljs.analyzer$analyze.invokeStatic(analyzer.cljc:2612)
	at cljs.analyzer$analyze.invoke(analyzer.cljc:2599)
	at cljs.compiler$emit_source.invokeStatic(compiler.cljc:1237)
	at cljs.compiler$emit_source.invoke(compiler.cljc:1217)
	at cljs.compiler$compile_file_STAR_$fn__4391.invoke(compiler.cljc:1288)
	at cljs.compiler$with_core_cljs.invokeStatic(compiler.cljc:1152)
	at cljs.compiler$with_core_cljs.invoke(compiler.cljc:1143)
	at cljs.compiler$compile_file_STAR_.invokeStatic(compiler.cljc:1277)
	at cljs.compiler$compile_file_STAR_.invoke(compiler.cljc:1273)
	at cljs.compiler$compile_file$fn__4414.invoke(compiler.cljc:1357)
	... 26 more
Caused by: java.lang.IllegalArgumentException: Parameter declaration missing
	at cljs.core$assert_valid_fdecl.invokeStatic(core.cljc:538)
	at cljs.core$assert_valid_fdecl.invoke(core.cljc:535)
	at cljs.core$sigs.invokeStatic(core.cljc:578)
	at cljs.core$sigs.invoke(core.cljc:577)
	at cljs.core$defn__9193.invokeStatic(core.cljc:2842)
	at cljs.core$defn__9193.doInvoke(core.cljc:2814)
	at clojure.lang.RestFn.invoke(RestFn.java:445)
	at clojure.lang.AFn.applyToHelper(AFn.java:160)
	at clojure.lang.RestFn.applyTo(RestFn.java:132)
	at clojure.core$apply.invokeStatic(core.clj:650)
	at clojure.core$apply.invoke(core.clj:641)
	at cljs.analyzer$macroexpand_1_STAR_$fn__3245.invoke(analyzer.cljc:2357)
	at cljs.analyzer$macroexpand_1_STAR_.invokeStatic(analyzer.cljc:2356)
	at cljs.analyzer$macroexpand_1_STAR_.invoke(analyzer.cljc:2347)
	... 44 more

Change detected, recompiling ...
Copying jar:file:/home/george/.m2/repository/org/clojure/clojurescript/1.7.228/clojurescript-1.7.228.jar!/cljs/nodejs.cljs to out/cljs/nodejs.cljs
Copying jar:file:/home/george/.m2/repository/org/clojure/clojurescript/1.7.228/clojurescript-1.7.228.jar!/cljs/nodejscli.cljs to out/cljs/nodejscli.cljs
Copying file:/home/george/Dropbox/drop-dot/src/drop_dot/core.cljs to out/drop_dot/core.cljs
... done. Elapsed 0.030007112 seconds
Change detected, recompiling ...
Compiling src/drop_dot/core.cljs
WARNING: c-test at line 29 is being replaced at line 30 src/drop_dot/core.cljs
clojure.lang.ExceptionInfo: failed compiling file:src/drop_dot/core.cljs {:file #object[java.io.File 0x7bc2eec4 "src/drop_dot/core.cljs"]}
	at clojure.core$ex_info.invokeStatic(core.clj:4617)
	at clojure.core$ex_info.invoke(core.clj:4617)
	at cljs.compiler$compile_file$fn__4414.invoke(compiler.cljc:1369)
	at cljs.compiler$compile_file.invokeStatic(compiler.cljc:1336)
	at cljs.compiler$compile_file.invoke(compiler.cljc:1316)
	at cljs.closure$compile_file.invokeStatic(closure.clj:437)
	at cljs.closure$compile_file.invoke(closure.clj:428)
	at cljs.closure$eval6182$fn__6183.invoke(closure.clj:504)
	at cljs.closure$eval6118$fn__6119$G__6107__6126.invoke(closure.clj:394)
	at cljs.closure$compile_sources$iter__6302__6306$fn__6307.invoke(closure.clj:827)
	at clojure.lang.LazySeq.sval(LazySeq.java:40)
	at clojure.lang.LazySeq.seq(LazySeq.java:49)
	at clojure.lang.Cons.next(Cons.java:39)
	at clojure.lang.RT.next(RT.java:688)
	at clojure.core$next__4341.invokeStatic(core.clj:64)
	at clojure.core$dorun.invokeStatic(core.clj:3033)
	at clojure.core$doall.invokeStatic(core.clj:3039)
	at clojure.core$doall.invoke(core.clj:3039)
	at cljs.closure$compile_sources.invokeStatic(closure.clj:823)
	at cljs.closure$compile_sources.invoke(closure.clj:812)
	at cljs.closure$build.invokeStatic(closure.clj:1895)
	at cljs.closure$build.invoke(closure.clj:1837)
	at cljs.closure$watch$buildf__6700.invoke(closure.clj:1977)
	at cljs.closure$watch.invokeStatic(closure.clj:2026)
	at cljs.closure$watch.invoke(closure.clj:1954)
	at cljs.repl$repl_STAR_$fn__7227$fn__7232.invoke(repl.cljc:887)
	at clojure.core$binding_conveyor_fn$fn__4676.invoke(core.clj:1938)
	at clojure.lang.AFn.run(AFn.java:22)
	at java.lang.Thread.run(Thread.java:745)
Caused by: clojure.lang.ExceptionInfo: Parameter declaration missing at line 35 src/drop_dot/core.cljs {:file "src/drop_dot/core.cljs", :line 35, :column 1, :tag :cljs/analysis-error}
	at clojure.core$ex_info.invokeStatic(core.clj:4617)
	at clojure.core$ex_info.invoke(core.clj:4617)
	at cljs.analyzer$error.invokeStatic(analyzer.cljc:576)
	at cljs.analyzer$error.invoke(analyzer.cljc:572)
	at cljs.analyzer$macroexpand_1.invokeStatic(analyzer.cljc:2404)
	at cljs.analyzer$macroexpand_1.invoke(analyzer.cljc:2400)
	at cljs.analyzer$analyze_seq.invokeStatic(analyzer.cljc:2434)
	at cljs.analyzer$analyze_seq.invoke(analyzer.cljc:2417)
	at cljs.analyzer$analyze_form.invokeStatic(analyzer.cljc:2549)
	at cljs.analyzer$analyze_form.invoke(analyzer.cljc:2545)
	at cljs.analyzer$analyze_STAR_.invokeStatic(analyzer.cljc:2596)
	at cljs.analyzer$analyze_STAR_.invoke(analyzer.cljc:2587)
	at cljs.analyzer$analyze.invokeStatic(analyzer.cljc:2612)
	at cljs.analyzer$analyze.invoke(analyzer.cljc:2599)
	at cljs.compiler$emit_source.invokeStatic(compiler.cljc:1237)
	at cljs.compiler$emit_source.invoke(compiler.cljc:1217)
	at cljs.compiler$compile_file_STAR_$fn__4391.invoke(compiler.cljc:1288)
	at cljs.compiler$with_core_cljs.invokeStatic(compiler.cljc:1152)
	at cljs.compiler$with_core_cljs.invoke(compiler.cljc:1143)
	at cljs.compiler$compile_file_STAR_.invokeStatic(compiler.cljc:1277)
	at cljs.compiler$compile_file_STAR_.invoke(compiler.cljc:1273)
	at cljs.compiler$compile_file$fn__4414.invoke(compiler.cljc:1357)
	... 26 more
Caused by: java.lang.IllegalArgumentException: Parameter declaration missing
	at cljs.core$assert_valid_fdecl.invokeStatic(core.cljc:538)
	at cljs.core$assert_valid_fdecl.invoke(core.cljc:535)
	at cljs.core$sigs.invokeStatic(core.cljc:578)
	at cljs.core$sigs.invoke(core.cljc:577)
	at cljs.core$defn__9193.invokeStatic(core.cljc:2842)
	at cljs.core$defn__9193.doInvoke(core.cljc:2814)
	at clojure.lang.RestFn.invoke(RestFn.java:445)
	at clojure.lang.AFn.applyToHelper(AFn.java:160)
	at clojure.lang.RestFn.applyTo(RestFn.java:132)
	at clojure.core$apply.invokeStatic(core.clj:650)
	at clojure.core$apply.invoke(core.clj:641)
	at cljs.analyzer$macroexpand_1_STAR_$fn__3245.invoke(analyzer.cljc:2357)
	at cljs.analyzer$macroexpand_1_STAR_.invokeStatic(analyzer.cljc:2356)
	at cljs.analyzer$macroexpand_1_STAR_.invoke(analyzer.cljc:2347)
	... 44 more

Change detected, recompiling ...
Copying jar:file:/home/george/.m2/repository/org/clojure/clojurescript/1.7.228/clojurescript-1.7.228.jar!/cljs/nodejs.cljs to out/cljs/nodejs.cljs
Copying jar:file:/home/george/.m2/repository/org/clojure/clojurescript/1.7.228/clojurescript-1.7.228.jar!/cljs/nodejscli.cljs to out/cljs/nodejscli.cljs
Copying file:/home/george/Dropbox/drop-dot/src/drop_dot/core.cljs to out/drop_dot/core.cljs
... done. Elapsed 0.031870547 seconds
Change detected, recompiling ...
Compiling src/drop_dot/core.cljs
WARNING: c-test at line 27 is being replaced at line 28 src/drop_dot/core.cljs
clojure.lang.ExceptionInfo: failed compiling file:src/drop_dot/core.cljs {:file #object[java.io.File 0x1c91a74c "src/drop_dot/core.cljs"]}
	at clojure.core$ex_info.invokeStatic(core.clj:4617)
	at clojure.core$ex_info.invoke(core.clj:4617)
	at cljs.compiler$compile_file$fn__4414.invoke(compiler.cljc:1369)
	at cljs.compiler$compile_file.invokeStatic(compiler.cljc:1336)
	at cljs.compiler$compile_file.invoke(compiler.cljc:1316)
	at cljs.closure$compile_file.invokeStatic(closure.clj:437)
	at cljs.closure$compile_file.invoke(closure.clj:428)
	at cljs.closure$eval6182$fn__6183.invoke(closure.clj:504)
	at cljs.closure$eval6118$fn__6119$G__6107__6126.invoke(closure.clj:394)
	at cljs.closure$compile_sources$iter__6302__6306$fn__6307.invoke(closure.clj:827)
	at clojure.lang.LazySeq.sval(LazySeq.java:40)
	at clojure.lang.LazySeq.seq(LazySeq.java:49)
	at clojure.lang.Cons.next(Cons.java:39)
	at clojure.lang.RT.next(RT.java:688)
	at clojure.core$next__4341.invokeStatic(core.clj:64)
	at clojure.core$dorun.invokeStatic(core.clj:3033)
	at clojure.core$doall.invokeStatic(core.clj:3039)
	at clojure.core$doall.invoke(core.clj:3039)
	at cljs.closure$compile_sources.invokeStatic(closure.clj:823)
	at cljs.closure$compile_sources.invoke(closure.clj:812)
	at cljs.closure$build.invokeStatic(closure.clj:1895)
	at cljs.closure$build.invoke(closure.clj:1837)
	at cljs.closure$watch$buildf__6700.invoke(closure.clj:1977)
	at cljs.closure$watch.invokeStatic(closure.clj:2026)
	at cljs.closure$watch.invoke(closure.clj:1954)
	at cljs.repl$repl_STAR_$fn__7227$fn__7232.invoke(repl.cljc:887)
	at clojure.core$binding_conveyor_fn$fn__4676.invoke(core.clj:1938)
	at clojure.lang.AFn.run(AFn.java:22)
	at java.lang.Thread.run(Thread.java:745)
Caused by: clojure.lang.ExceptionInfo: Parameter declaration missing at line 33 src/drop_dot/core.cljs {:file "src/drop_dot/core.cljs", :line 33, :column 1, :tag :cljs/analysis-error}
	at clojure.core$ex_info.invokeStatic(core.clj:4617)
	at clojure.core$ex_info.invoke(core.clj:4617)
	at cljs.analyzer$error.invokeStatic(analyzer.cljc:576)
	at cljs.analyzer$error.invoke(analyzer.cljc:572)
	at cljs.analyzer$macroexpand_1.invokeStatic(analyzer.cljc:2404)
	at cljs.analyzer$macroexpand_1.invoke(analyzer.cljc:2400)
	at cljs.analyzer$analyze_seq.invokeStatic(analyzer.cljc:2434)
	at cljs.analyzer$analyze_seq.invoke(analyzer.cljc:2417)
	at cljs.analyzer$analyze_form.invokeStatic(analyzer.cljc:2549)
	at cljs.analyzer$analyze_form.invoke(analyzer.cljc:2545)
	at cljs.analyzer$analyze_STAR_.invokeStatic(analyzer.cljc:2596)
	at cljs.analyzer$analyze_STAR_.invoke(analyzer.cljc:2587)
	at cljs.analyzer$analyze.invokeStatic(analyzer.cljc:2612)
	at cljs.analyzer$analyze.invoke(analyzer.cljc:2599)
	at cljs.compiler$emit_source.invokeStatic(compiler.cljc:1237)
	at cljs.compiler$emit_source.invoke(compiler.cljc:1217)
	at cljs.compiler$compile_file_STAR_$fn__4391.invoke(compiler.cljc:1288)
	at cljs.compiler$with_core_cljs.invokeStatic(compiler.cljc:1152)
	at cljs.compiler$with_core_cljs.invoke(compiler.cljc:1143)
	at cljs.compiler$compile_file_STAR_.invokeStatic(compiler.cljc:1277)
	at cljs.compiler$compile_file_STAR_.invoke(compiler.cljc:1273)
	at cljs.compiler$compile_file$fn__4414.invoke(compiler.cljc:1357)
	... 26 more
Caused by: java.lang.IllegalArgumentException: Parameter declaration missing
	at cljs.core$assert_valid_fdecl.invokeStatic(core.cljc:538)
	at cljs.core$assert_valid_fdecl.invoke(core.cljc:535)
	at cljs.core$sigs.invokeStatic(core.cljc:578)
	at cljs.core$sigs.invoke(core.cljc:577)
	at cljs.core$defn__9193.invokeStatic(core.cljc:2842)
	at cljs.core$defn__9193.doInvoke(core.cljc:2814)
	at clojure.lang.RestFn.invoke(RestFn.java:445)
	at clojure.lang.AFn.applyToHelper(AFn.java:160)
	at clojure.lang.RestFn.applyTo(RestFn.java:132)
	at clojure.core$apply.invokeStatic(core.clj:650)
	at clojure.core$apply.invoke(core.clj:641)
	at cljs.analyzer$macroexpand_1_STAR_$fn__3245.invoke(analyzer.cljc:2357)
	at cljs.analyzer$macroexpand_1_STAR_.invokeStatic(analyzer.cljc:2356)
	at cljs.analyzer$macroexpand_1_STAR_.invoke(analyzer.cljc:2347)
	... 44 more

Change detected, recompiling ...
Copying jar:file:/home/george/.m2/repository/org/clojure/clojurescript/1.7.228/clojurescript-1.7.228.jar!/cljs/nodejs.cljs to out/cljs/nodejs.cljs
Copying jar:file:/home/george/.m2/repository/org/clojure/clojurescript/1.7.228/clojurescript-1.7.228.jar!/cljs/nodejscli.cljs to out/cljs/nodejscli.cljs
Copying file:/home/george/Dropbox/drop-dot/src/drop_dot/core.cljs to out/drop_dot/core.cljs
... done. Elapsed 0.029605934 seconds
